<?xml version="1.0" encoding="UTF-8"?>
<!-- Generated by org.testng.reporters.JUnitXMLReporter -->
<testsuite hostname="DellTouchScreen" ignored="0" name="Passenger Details Check" tests="1" failures="1" timestamp="2020-09-24T11:18:18 IST" time="2.035" errors="0">
  <testcase name="checkPassengerDetails" time="2.024" classname="Tests.PassengerTest">
    <failure type="org.testng.internal.reflect.MethodMatcherException" message="
[public void Tests.PassengerTest.checkPassengerDetails()] has no parameters defined but was found to be using a data provider (either explicitly specified or inherited from class level annotation).
Data provider mismatch
Method: checkPassengerDetails([])
Arguments: [(java.lang.String) Rathi,(java.lang.String) 32,(java.lang.String) Female,(java.lang.String) rathi@gmail.com,(java.lang.String) 9798556410]">
      <![CDATA[org.testng.internal.reflect.MethodMatcherException: 
[public void Tests.PassengerTest.checkPassengerDetails()] has no parameters defined but was found to be using a data provider (either explicitly specified or inherited from class level annotation).
Data provider mismatch
Method: checkPassengerDetails([])
Arguments: [(java.lang.String) Rathi,(java.lang.String) 32,(java.lang.String) Female,(java.lang.String) rathi@gmail.com,(java.lang.String) 9798556410]
at java.util.ArrayList.forEach(Unknown Source)
... Removed 22 stack frames]]>
    </failure>
  </testcase> <!-- checkPassengerDetails -->
</testsuite> <!-- Passenger Details Check -->
